  ConsoleApplication2.cpp
d:\kostia\projects\laba_1\laba\consoleapplication2\consoleapplication2\consoleapplication2.cpp(58): warning C4018: <: несоответствие типов со знаком и без знака
d:\kostia\projects\laba_1\laba\consoleapplication2\consoleapplication2\consoleapplication2.cpp(70): warning C4018: <: несоответствие типов со знаком и без знака
d:\kostia\projects\laba_1\laba\consoleapplication2\consoleapplication2\consoleapplication2.cpp(77): warning C4018: <: несоответствие типов со знаком и без знака
d:\kostia\projects\laba_1\laba\consoleapplication2\consoleapplication2\consoleapplication2.cpp(184): warning C4018: <: несоответствие типов со знаком и без знака
  d:\kostia\projects\laba_1\laba\consoleapplication2\consoleapplication2\consoleapplication2.cpp(69): note: выполняется компиляция ссылки на экземпляр шаблон функции "void encryption<std::string,Key>(std::vector<std::string,std::allocator<_Ty>> &,std::vector<Key,std::allocator<Key>> &)"
          with
          [
              _Ty=std::string
          ]
d:\kostia\projects\laba_1\laba\consoleapplication2\consoleapplication2\consoleapplication2.cpp(188): warning C4018: <: несоответствие типов со знаком и без знака
d:\kostia\projects\laba_1\laba\consoleapplication2\consoleapplication2\consoleapplication2.cpp(192): warning C4018: <: несоответствие типов со знаком и без знака
d:\kostia\projects\laba_1\laba\consoleapplication2\consoleapplication2\consoleapplication2.cpp(225): warning C4018: <: несоответствие типов со знаком и без знака
  d:\kostia\projects\laba_1\laba\consoleapplication2\consoleapplication2\consoleapplication2.cpp(76): note: выполняется компиляция ссылки на экземпляр шаблон функции "void decryption<std::string,Key>(std::vector<std::string,std::allocator<_Ty>> &,std::vector<Key,std::allocator<Key>>)"
          with
          [
              _Ty=std::string
          ]
d:\kostia\projects\laba_1\laba\consoleapplication2\consoleapplication2\consoleapplication2.cpp(229): warning C4018: <: несоответствие типов со знаком и без знака
d:\kostia\projects\laba_1\laba\consoleapplication2\consoleapplication2\consoleapplication2.cpp(233): warning C4018: <: несоответствие типов со знаком и без знака
  ConsoleApplication2.vcxproj -> D:\Kostia\Projects\Laba_1\Laba\ConsoleApplication2\Debug\ConsoleApplication2.exe
